2024-02-10 22:02:00 [main] EndToEndTest - *** Session Started ***
2024-02-10 22:02:01 [main] EndToEndTest - Getting UserName
2024-02-10 22:02:01 [main] EndToEndTest - UserName entered
2024-02-10 22:02:01 [main] EndToEndTest - Password entered
2024-02-10 22:02:01 [main] EndToEndTest - CheckBox Clicked
2024-02-10 22:02:01 [main] EndToEndTest - SignIn Button Clicked
2024-02-10 22:02:02 [main] EndToEndTest - UserName Verified in HomePage
2024-02-10 22:02:02 [main] EndToEndTest - Success Message Verified
2024-02-10 22:02:02 [main] EndToEndTest - Logout Button Clicked
2024-02-10 22:02:02 [main] EndToEndTest - *** Session Ended ***
2024-02-11 19:11:31 [main] EndToEndTest - *** Session Started ***
2024-02-11 19:11:31 [main] EndToEndTest - Getting UserName
2024-02-11 19:11:31 [main] EndToEndTest - UserName entered
2024-02-11 19:11:32 [main] EndToEndTest - Password entered
2024-02-11 19:11:32 [main] EndToEndTest - CheckBox Clicked
2024-02-11 19:11:32 [main] EndToEndTest - SignIn Button Clicked
2024-02-11 19:11:33 [main] EndToEndTest - UserName Verified in HomePage
2024-02-11 19:11:33 [main] EndToEndTest - Success Message Verified
2024-02-11 19:11:33 [main] EndToEndTest - Logout Button Clicked
2024-02-11 19:11:33 [main] EndToEndTest - *** Session Ended ***
